{"/home/juanmartinez/DEIN/cronos/src/App.js": {"path":"/home/juanmartinez/DEIN/cronos/src/App.js","statementMap":{"0":{"start":{"line":6,"column":2},"end":{"line":14,"column":3}}},"fnMap":{"0":{"name":"App","decl":{"start":{"line":5,"column":9},"end":{"line":5,"column":12}},"loc":{"start":{"line":5,"column":15},"end":{"line":15,"column":1}},"line":5}},"branchMap":{},"s":{"0":4},"f":{"0":4},"b":{},"_coverageSchema":"1a1c01bbd47fc00a2c39e90264f33305004495a9","hash":"4e72e33822eba3653095724e165c47cc67730227"}
,"/home/juanmartinez/DEIN/cronos/src/Routes.jsx": {"path":"/home/juanmartinez/DEIN/cronos/src/Routes.jsx","statementMap":{"0":{"start":{"line":12,"column":15},"end":{"line":29,"column":1}},"1":{"start":{"line":13,"column":2},"end":{"line":28,"column":4}},"2":{"start":{"line":18,"column":10},"end":{"line":23,"column":12}}},"fnMap":{"0":{"name":"(anonymous_0)","decl":{"start":{"line":12,"column":15},"end":{"line":12,"column":16}},"loc":{"start":{"line":12,"column":21},"end":{"line":29,"column":1}},"line":12},"1":{"name":"(anonymous_1)","decl":{"start":{"line":17,"column":25},"end":{"line":17,"column":26}},"loc":{"start":{"line":18,"column":10},"end":{"line":23,"column":12}},"line":18}},"branchMap":{},"s":{"0":1,"1":4,"2":12},"f":{"0":4,"1":12},"b":{},"_coverageSchema":"1a1c01bbd47fc00a2c39e90264f33305004495a9","hash":"bfe0c5da8f4b800240327aa9361122878a71ded5"}
,"/home/juanmartinez/DEIN/cronos/src/index.js": {"path":"/home/juanmartinez/DEIN/cronos/src/index.js","statementMap":{"0":{"start":{"line":9,"column":0},"end":{"line":14,"column":1}},"1":{"start":{"line":19,"column":0},"end":{"line":19,"column":17}}},"fnMap":{},"branchMap":{},"s":{"0":0,"1":0},"f":{},"b":{}}
,"/home/juanmartinez/DEIN/cronos/src/reportWebVitals.js": {"path":"/home/juanmartinez/DEIN/cronos/src/reportWebVitals.js","statementMap":{"0":{"start":{"line":1,"column":24},"end":{"line":11,"column":1}},"1":{"start":{"line":2,"column":2},"end":{"line":10,"column":3}},"2":{"start":{"line":3,"column":4},"end":{"line":9,"column":6}},"3":{"start":{"line":4,"column":6},"end":{"line":4,"column":25}},"4":{"start":{"line":5,"column":6},"end":{"line":5,"column":25}},"5":{"start":{"line":6,"column":6},"end":{"line":6,"column":25}},"6":{"start":{"line":7,"column":6},"end":{"line":7,"column":25}},"7":{"start":{"line":8,"column":6},"end":{"line":8,"column":26}}},"fnMap":{"0":{"name":"(anonymous_0)","decl":{"start":{"line":1,"column":24},"end":{"line":1,"column":25}},"loc":{"start":{"line":1,"column":41},"end":{"line":11,"column":1}},"line":1},"1":{"name":"(anonymous_1)","decl":{"start":{"line":3,"column":30},"end":{"line":3,"column":31}},"loc":{"start":{"line":3,"column":79},"end":{"line":9,"column":5}},"line":3}},"branchMap":{"0":{"loc":{"start":{"line":2,"column":2},"end":{"line":10,"column":3}},"type":"if","locations":[{"start":{"line":2,"column":2},"end":{"line":10,"column":3}},{"start":{"line":2,"column":2},"end":{"line":10,"column":3}}],"line":2},"1":{"loc":{"start":{"line":2,"column":6},"end":{"line":2,"column":52}},"type":"binary-expr","locations":[{"start":{"line":2,"column":6},"end":{"line":2,"column":17}},{"start":{"line":2,"column":21},"end":{"line":2,"column":52}}],"line":2}},"s":{"0":0,"1":0,"2":0,"3":0,"4":0,"5":0,"6":0,"7":0},"f":{"0":0,"1":0},"b":{"0":[0,0],"1":[0,0]}}
,"/home/juanmartinez/DEIN/cronos/src/components/Footer/Footer.js": {"path":"/home/juanmartinez/DEIN/cronos/src/components/Footer/Footer.js","statementMap":{"0":{"start":{"line":3,"column":15},"end":{"line":12,"column":1}},"1":{"start":{"line":4,"column":2},"end":{"line":11,"column":3}}},"fnMap":{"0":{"name":"(anonymous_0)","decl":{"start":{"line":3,"column":15},"end":{"line":3,"column":16}},"loc":{"start":{"line":3,"column":21},"end":{"line":12,"column":1}},"line":3}},"branchMap":{},"s":{"0":1,"1":4},"f":{"0":4},"b":{},"_coverageSchema":"1a1c01bbd47fc00a2c39e90264f33305004495a9","hash":"c605d5da0948ad532e684a42d8148fd2019132a0"}
,"/home/juanmartinez/DEIN/cronos/src/components/Header/Header.js": {"path":"/home/juanmartinez/DEIN/cronos/src/components/Header/Header.js","statementMap":{"0":{"start":{"line":6,"column":15},"end":{"line":15,"column":1}},"1":{"start":{"line":7,"column":2},"end":{"line":14,"column":3}}},"fnMap":{"0":{"name":"(anonymous_0)","decl":{"start":{"line":6,"column":15},"end":{"line":6,"column":16}},"loc":{"start":{"line":6,"column":21},"end":{"line":15,"column":1}},"line":6}},"branchMap":{},"s":{"0":1,"1":4},"f":{"0":4},"b":{},"_coverageSchema":"1a1c01bbd47fc00a2c39e90264f33305004495a9","hash":"1894899cd10c09aed4dabb50401e4071b5df4381"}
,"/home/juanmartinez/DEIN/cronos/src/components/Home/Home.js": {"path":"/home/juanmartinez/DEIN/cronos/src/components/Home/Home.js","statementMap":{"0":{"start":{"line":4,"column":13},"end":{"line":12,"column":1}},"1":{"start":{"line":5,"column":2},"end":{"line":11,"column":3}}},"fnMap":{"0":{"name":"(anonymous_0)","decl":{"start":{"line":4,"column":13},"end":{"line":4,"column":14}},"loc":{"start":{"line":4,"column":19},"end":{"line":12,"column":1}},"line":4}},"branchMap":{},"s":{"0":1,"1":7},"f":{"0":7},"b":{},"_coverageSchema":"1a1c01bbd47fc00a2c39e90264f33305004495a9","hash":"d26dfaf4d309bab8e7d20843015be9014c4eaa9f"}
,"/home/juanmartinez/DEIN/cronos/src/components/Menu/Menu.js": {"path":"/home/juanmartinez/DEIN/cronos/src/components/Menu/Menu.js","statementMap":{"0":{"start":{"line":6,"column":13},"end":{"line":22,"column":1}},"1":{"start":{"line":7,"column":2},"end":{"line":21,"column":3}},"2":{"start":{"line":11,"column":10},"end":{"line":17,"column":17}}},"fnMap":{"0":{"name":"(anonymous_0)","decl":{"start":{"line":6,"column":13},"end":{"line":6,"column":14}},"loc":{"start":{"line":6,"column":19},"end":{"line":22,"column":1}},"line":6},"1":{"name":"(anonymous_1)","decl":{"start":{"line":10,"column":25},"end":{"line":10,"column":26}},"loc":{"start":{"line":11,"column":10},"end":{"line":17,"column":17}},"line":11}},"branchMap":{},"s":{"0":1,"1":7,"2":21},"f":{"0":7,"1":21},"b":{},"_coverageSchema":"1a1c01bbd47fc00a2c39e90264f33305004495a9","hash":"c6401b40273391b024bac336fa09b3af3db04d6f"}
,"/home/juanmartinez/DEIN/cronos/src/components/Nav/Nav.js": {"path":"/home/juanmartinez/DEIN/cronos/src/components/Nav/Nav.js","statementMap":{"0":{"start":{"line":6,"column":12},"end":{"line":21,"column":1}},"1":{"start":{"line":7,"column":2},"end":{"line":20,"column":3}},"2":{"start":{"line":23,"column":0},"end":{"line":26,"column":1}},"3":{"start":{"line":28,"column":0},"end":{"line":30,"column":1}}},"fnMap":{"0":{"name":"(anonymous_0)","decl":{"start":{"line":6,"column":12},"end":{"line":6,"column":13}},"loc":{"start":{"line":6,"column":32},"end":{"line":21,"column":1}},"line":6}},"branchMap":{"0":{"loc":{"start":{"line":9,"column":22},"end":{"line":9,"column":50}},"type":"cond-expr","locations":[{"start":{"line":9,"column":30},"end":{"line":9,"column":37}},{"start":{"line":9,"column":40},"end":{"line":9,"column":50}}],"line":9},"1":{"loc":{"start":{"line":10,"column":9},"end":{"line":16,"column":9}},"type":"binary-expr","locations":[{"start":{"line":10,"column":9},"end":{"line":10,"column":13}},{"start":{"line":11,"column":10},"end":{"line":15,"column":15}}],"line":10}},"s":{"0":2,"1":14,"2":2,"3":2},"f":{"0":14},"b":{"0":[7,7],"1":[14,7]},"_coverageSchema":"1a1c01bbd47fc00a2c39e90264f33305004495a9","hash":"e86063c9e11ab5e6214cb3635ec416be148db3cf"}
,"/home/juanmartinez/DEIN/cronos/src/components/NotFound/NotFound.js": {"path":"/home/juanmartinez/DEIN/cronos/src/components/NotFound/NotFound.js","statementMap":{"0":{"start":{"line":9,"column":17},"end":{"line":32,"column":1}},"1":{"start":{"line":10,"column":2},"end":{"line":31,"column":3}}},"fnMap":{"0":{"name":"(anonymous_0)","decl":{"start":{"line":9,"column":17},"end":{"line":9,"column":18}},"loc":{"start":{"line":9,"column":23},"end":{"line":32,"column":1}},"line":9}},"branchMap":{},"s":{"0":1,"1":0},"f":{"0":0},"b":{},"_coverageSchema":"1a1c01bbd47fc00a2c39e90264f33305004495a9","hash":"fbf8d1e9e2a8cc7c7ae8e4443b9e2f32ecd5c7dd"}
,"/home/juanmartinez/DEIN/cronos/src/components/Pages/Alphabet/ListenAlphabet.js": {"path":"/home/juanmartinez/DEIN/cronos/src/components/Pages/Alphabet/ListenAlphabet.js","statementMap":{},"fnMap":{},"branchMap":{},"s":{},"f":{},"b":{}}
,"/home/juanmartinez/DEIN/cronos/src/components/Pages/Alphabet/ListenVowels.js": {"path":"/home/juanmartinez/DEIN/cronos/src/components/Pages/Alphabet/ListenVowels.js","statementMap":{},"fnMap":{},"branchMap":{},"s":{},"f":{},"b":{}}
,"/home/juanmartinez/DEIN/cronos/src/components/Pages/Alphabet/ListenWords.js": {"path":"/home/juanmartinez/DEIN/cronos/src/components/Pages/Alphabet/ListenWords.js","statementMap":{},"fnMap":{},"branchMap":{},"s":{},"f":{},"b":{}}
,"/home/juanmartinez/DEIN/cronos/src/components/Pages/Dates/DateToWords.js": {"path":"/home/juanmartinez/DEIN/cronos/src/components/Pages/Dates/DateToWords.js","statementMap":{"0":{"start":{"line":16,"column":20},"end":{"line":49,"column":1}},"1":{"start":{"line":17,"column":26},"end":{"line":17,"column":46}},"2":{"start":{"line":18,"column":28},"end":{"line":18,"column":40}},"3":{"start":{"line":20,"column":23},"end":{"line":27,"column":3}},"4":{"start":{"line":21,"column":16},"end":{"line":21,"column":36}},"5":{"start":{"line":22,"column":16},"end":{"line":22,"column":40}},"6":{"start":{"line":23,"column":18},"end":{"line":23,"column":45}},"7":{"start":{"line":25,"column":4},"end":{"line":25,"column":18}},"8":{"start":{"line":26,"column":4},"end":{"line":26,"column":16}},"9":{"start":{"line":29,"column":2},"end":{"line":32,"column":12}},"10":{"start":{"line":30,"column":19},"end":{"line":30,"column":39}},"11":{"start":{"line":31,"column":4},"end":{"line":31,"column":20}},"12":{"start":{"line":34,"column":2},"end":{"line":48,"column":3}}},"fnMap":{"0":{"name":"(anonymous_0)","decl":{"start":{"line":16,"column":20},"end":{"line":16,"column":21}},"loc":{"start":{"line":16,"column":26},"end":{"line":49,"column":1}},"line":16},"1":{"name":"(anonymous_1)","decl":{"start":{"line":20,"column":23},"end":{"line":20,"column":24}},"loc":{"start":{"line":20,"column":29},"end":{"line":27,"column":3}},"line":20},"2":{"name":"(anonymous_2)","decl":{"start":{"line":29,"column":12},"end":{"line":29,"column":13}},"loc":{"start":{"line":29,"column":18},"end":{"line":32,"column":3}},"line":29}},"branchMap":{},"s":{"0":2,"1":2,"2":2,"3":2,"4":0,"5":0,"6":0,"7":0,"8":0,"9":2,"10":1,"11":1,"12":2},"f":{"0":2,"1":0,"2":1},"b":{},"_coverageSchema":"1a1c01bbd47fc00a2c39e90264f33305004495a9","hash":"6be96ff823a545549550c24b28509d12a7b8e248"}
,"/home/juanmartinez/DEIN/cronos/src/components/Pages/Dates/ListenDate.js": {"path":"/home/juanmartinez/DEIN/cronos/src/components/Pages/Dates/ListenDate.js","statementMap":{},"fnMap":{},"branchMap":{},"s":{},"f":{},"b":{}}
,"/home/juanmartinez/DEIN/cronos/src/components/Pages/Dates/ListenTear.js": {"path":"/home/juanmartinez/DEIN/cronos/src/components/Pages/Dates/ListenTear.js","statementMap":{},"fnMap":{},"branchMap":{},"s":{},"f":{},"b":{}}
,"/home/juanmartinez/DEIN/cronos/src/components/Pages/Dates/YearToWords.js": {"path":"/home/juanmartinez/DEIN/cronos/src/components/Pages/Dates/YearToWords.js","statementMap":{"0":{"start":{"line":16,"column":20},"end":{"line":49,"column":1}},"1":{"start":{"line":17,"column":26},"end":{"line":17,"column":46}},"2":{"start":{"line":18,"column":28},"end":{"line":18,"column":40}},"3":{"start":{"line":20,"column":23},"end":{"line":27,"column":3}},"4":{"start":{"line":21,"column":16},"end":{"line":21,"column":36}},"5":{"start":{"line":22,"column":16},"end":{"line":22,"column":40}},"6":{"start":{"line":23,"column":18},"end":{"line":23,"column":45}},"7":{"start":{"line":25,"column":4},"end":{"line":25,"column":18}},"8":{"start":{"line":26,"column":4},"end":{"line":26,"column":16}},"9":{"start":{"line":29,"column":2},"end":{"line":32,"column":12}},"10":{"start":{"line":30,"column":19},"end":{"line":30,"column":39}},"11":{"start":{"line":31,"column":4},"end":{"line":31,"column":20}},"12":{"start":{"line":34,"column":2},"end":{"line":48,"column":3}}},"fnMap":{"0":{"name":"(anonymous_0)","decl":{"start":{"line":16,"column":20},"end":{"line":16,"column":21}},"loc":{"start":{"line":16,"column":26},"end":{"line":49,"column":1}},"line":16},"1":{"name":"(anonymous_1)","decl":{"start":{"line":20,"column":23},"end":{"line":20,"column":24}},"loc":{"start":{"line":20,"column":29},"end":{"line":27,"column":3}},"line":20},"2":{"name":"(anonymous_2)","decl":{"start":{"line":29,"column":12},"end":{"line":29,"column":13}},"loc":{"start":{"line":29,"column":18},"end":{"line":32,"column":3}},"line":29}},"branchMap":{},"s":{"0":2,"1":2,"2":2,"3":2,"4":0,"5":0,"6":0,"7":0,"8":0,"9":2,"10":1,"11":1,"12":2},"f":{"0":2,"1":0,"2":1},"b":{},"_coverageSchema":"1a1c01bbd47fc00a2c39e90264f33305004495a9","hash":"16d7f8821602ecfccb3bc4c237c3112abb0f097d"}
,"/home/juanmartinez/DEIN/cronos/src/components/Pages/Numbers/ListenNumbers.js": {"path":"/home/juanmartinez/DEIN/cronos/src/components/Pages/Numbers/ListenNumbers.js","statementMap":{},"fnMap":{},"branchMap":{},"s":{},"f":{},"b":{}}
,"/home/juanmartinez/DEIN/cronos/src/components/Pages/Numbers/NumToWords.js": {"path":"/home/juanmartinez/DEIN/cronos/src/components/Pages/Numbers/NumToWords.js","statementMap":{"0":{"start":{"line":18,"column":19},"end":{"line":89,"column":1}},"1":{"start":{"line":19,"column":30},"end":{"line":19,"column":41}},"2":{"start":{"line":20,"column":26},"end":{"line":20,"column":39}},"3":{"start":{"line":21,"column":30},"end":{"line":21,"column":41}},"4":{"start":{"line":22,"column":28},"end":{"line":22,"column":40}},"5":{"start":{"line":24,"column":23},"end":{"line":26,"column":3}},"6":{"start":{"line":25,"column":4},"end":{"line":25,"column":33}},"7":{"start":{"line":28,"column":22},"end":{"line":30,"column":3}},"8":{"start":{"line":29,"column":4},"end":{"line":29,"column":31}},"9":{"start":{"line":32,"column":23},"end":{"line":36,"column":3}},"10":{"start":{"line":33,"column":18},"end":{"line":33,"column":38}},"11":{"start":{"line":34,"column":4},"end":{"line":34,"column":20}},"12":{"start":{"line":35,"column":4},"end":{"line":35,"column":16}},"13":{"start":{"line":38,"column":2},"end":{"line":40,"column":20}},"14":{"start":{"line":39,"column":4},"end":{"line":39,"column":18}},"15":{"start":{"line":42,"column":2},"end":{"line":50,"column":14}},"16":{"start":{"line":43,"column":17},"end":{"line":43,"column":26}},"17":{"start":{"line":44,"column":4},"end":{"line":46,"column":5}},"18":{"start":{"line":45,"column":6},"end":{"line":45,"column":25}},"19":{"start":{"line":48,"column":19},"end":{"line":48,"column":44}},"20":{"start":{"line":49,"column":4},"end":{"line":49,"column":20}},"21":{"start":{"line":52,"column":2},"end":{"line":88,"column":3}},"22":{"start":{"line":59,"column":63},"end":{"line":59,"column":78}},"23":{"start":{"line":61,"column":14},"end":{"line":63,"column":23}},"24":{"start":{"line":69,"column":60},"end":{"line":69,"column":74}},"25":{"start":{"line":71,"column":14},"end":{"line":73,"column":23}}},"fnMap":{"0":{"name":"(anonymous_0)","decl":{"start":{"line":18,"column":19},"end":{"line":18,"column":20}},"loc":{"start":{"line":18,"column":25},"end":{"line":89,"column":1}},"line":18},"1":{"name":"(anonymous_1)","decl":{"start":{"line":24,"column":23},"end":{"line":24,"column":24}},"loc":{"start":{"line":24,"column":34},"end":{"line":26,"column":3}},"line":24},"2":{"name":"(anonymous_2)","decl":{"start":{"line":28,"column":22},"end":{"line":28,"column":23}},"loc":{"start":{"line":28,"column":33},"end":{"line":30,"column":3}},"line":28},"3":{"name":"(anonymous_3)","decl":{"start":{"line":32,"column":23},"end":{"line":32,"column":24}},"loc":{"start":{"line":32,"column":29},"end":{"line":36,"column":3}},"line":32},"4":{"name":"(anonymous_4)","decl":{"start":{"line":38,"column":12},"end":{"line":38,"column":13}},"loc":{"start":{"line":38,"column":18},"end":{"line":40,"column":3}},"line":38},"5":{"name":"(anonymous_5)","decl":{"start":{"line":42,"column":12},"end":{"line":42,"column":13}},"loc":{"start":{"line":42,"column":18},"end":{"line":50,"column":3}},"line":42},"6":{"name":"(anonymous_6)","decl":{"start":{"line":59,"column":56},"end":{"line":59,"column":57}},"loc":{"start":{"line":59,"column":63},"end":{"line":59,"column":78}},"line":59},"7":{"name":"(anonymous_7)","decl":{"start":{"line":60,"column":45},"end":{"line":60,"column":46}},"loc":{"start":{"line":61,"column":14},"end":{"line":63,"column":23}},"line":61},"8":{"name":"(anonymous_8)","decl":{"start":{"line":69,"column":53},"end":{"line":69,"column":54}},"loc":{"start":{"line":69,"column":60},"end":{"line":69,"column":74}},"line":69},"9":{"name":"(anonymous_9)","decl":{"start":{"line":70,"column":45},"end":{"line":70,"column":46}},"loc":{"start":{"line":71,"column":14},"end":{"line":73,"column":23}},"line":71}},"branchMap":{"0":{"loc":{"start":{"line":44,"column":4},"end":{"line":46,"column":5}},"type":"if","locations":[{"start":{"line":44,"column":4},"end":{"line":46,"column":5}},{"start":{"line":44,"column":4},"end":{"line":46,"column":5}}],"line":44},"1":{"loc":{"start":{"line":78,"column":11},"end":{"line":78,"column":48}},"type":"binary-expr","locations":[{"start":{"line":78,"column":11},"end":{"line":78,"column":23}},{"start":{"line":78,"column":27},"end":{"line":78,"column":48}}],"line":78},"2":{"loc":{"start":{"line":79,"column":11},"end":{"line":79,"column":49}},"type":"binary-expr","locations":[{"start":{"line":79,"column":11},"end":{"line":79,"column":23}},{"start":{"line":79,"column":27},"end":{"line":79,"column":49}}],"line":79}},"s":{"0":2,"1":3,"2":3,"3":3,"4":3,"5":3,"6":0,"7":3,"8":0,"9":3,"10":1,"11":1,"12":1,"13":3,"14":1,"15":3,"16":2,"17":2,"18":0,"19":2,"20":2,"21":3,"22":0,"23":33,"24":0,"25":6},"f":{"0":3,"1":0,"2":0,"3":1,"4":1,"5":2,"6":0,"7":33,"8":0,"9":6},"b":{"0":[0,2],"1":[3,0],"2":[3,3]},"_coverageSchema":"1a1c01bbd47fc00a2c39e90264f33305004495a9","hash":"e76feb8d0ef964fc86742934215c8f2b7e853abc"}
,"/home/juanmartinez/DEIN/cronos/src/components/Pages/Phone/PhoneToWords.js": {"path":"/home/juanmartinez/DEIN/cronos/src/components/Pages/Phone/PhoneToWords.js","statementMap":{},"fnMap":{},"branchMap":{},"s":{},"f":{},"b":{}}
,"/home/juanmartinez/DEIN/cronos/src/components/Pages/Time/ListenTime.js": {"path":"/home/juanmartinez/DEIN/cronos/src/components/Pages/Time/ListenTime.js","statementMap":{},"fnMap":{},"branchMap":{},"s":{},"f":{},"b":{}}
,"/home/juanmartinez/DEIN/cronos/src/components/Pages/Time/TimeToWords.js": {"path":"/home/juanmartinez/DEIN/cronos/src/components/Pages/Time/TimeToWords.js","statementMap":{},"fnMap":{},"branchMap":{},"s":{},"f":{},"b":{}}
,"/home/juanmartinez/DEIN/cronos/src/components/Shared/Answer.js": {"path":"/home/juanmartinez/DEIN/cronos/src/components/Shared/Answer.js","statementMap":{"0":{"start":{"line":9,"column":15},"end":{"line":79,"column":1}},"1":{"start":{"line":10,"column":30},"end":{"line":10,"column":42}},"2":{"start":{"line":12,"column":23},"end":{"line":16,"column":3}},"3":{"start":{"line":13,"column":4},"end":{"line":13,"column":26}},"4":{"start":{"line":14,"column":19},"end":{"line":14,"column":59}},"5":{"start":{"line":15,"column":4},"end":{"line":15,"column":21}},"6":{"start":{"line":18,"column":34},"end":{"line":18,"column":46}},"7":{"start":{"line":20,"column":25},"end":{"line":22,"column":3}},"8":{"start":{"line":21,"column":4},"end":{"line":21,"column":35}},"9":{"start":{"line":24,"column":2},"end":{"line":29,"column":13}},"10":{"start":{"line":25,"column":4},"end":{"line":28,"column":5}},"11":{"start":{"line":26,"column":6},"end":{"line":26,"column":21}},"12":{"start":{"line":27,"column":6},"end":{"line":27,"column":19}},"13":{"start":{"line":31,"column":2},"end":{"line":78,"column":3}},"14":{"start":{"line":42,"column":31},"end":{"line":42,"column":48}},"15":{"start":{"line":81,"column":0},"end":{"line":84,"column":1}},"16":{"start":{"line":86,"column":0},"end":{"line":88,"column":1}}},"fnMap":{"0":{"name":"(anonymous_0)","decl":{"start":{"line":9,"column":15},"end":{"line":9,"column":16}},"loc":{"start":{"line":9,"column":36},"end":{"line":79,"column":1}},"line":9},"1":{"name":"(anonymous_1)","decl":{"start":{"line":12,"column":23},"end":{"line":12,"column":24}},"loc":{"start":{"line":12,"column":34},"end":{"line":16,"column":3}},"line":12},"2":{"name":"(anonymous_2)","decl":{"start":{"line":20,"column":25},"end":{"line":20,"column":26}},"loc":{"start":{"line":20,"column":36},"end":{"line":22,"column":3}},"line":20},"3":{"name":"(anonymous_3)","decl":{"start":{"line":24,"column":12},"end":{"line":24,"column":13}},"loc":{"start":{"line":24,"column":18},"end":{"line":29,"column":3}},"line":24},"4":{"name":"(anonymous_4)","decl":{"start":{"line":42,"column":24},"end":{"line":42,"column":25}},"loc":{"start":{"line":42,"column":31},"end":{"line":42,"column":48}},"line":42}},"branchMap":{"0":{"loc":{"start":{"line":14,"column":19},"end":{"line":14,"column":59}},"type":"cond-expr","locations":[{"start":{"line":14,"column":50},"end":{"line":14,"column":53}},{"start":{"line":14,"column":56},"end":{"line":14,"column":59}}],"line":14},"1":{"loc":{"start":{"line":25,"column":4},"end":{"line":28,"column":5}},"type":"if","locations":[{"start":{"line":25,"column":4},"end":{"line":28,"column":5}},{"start":{"line":25,"column":4},"end":{"line":28,"column":5}}],"line":25},"2":{"loc":{"start":{"line":33,"column":7},"end":{"line":62,"column":7}},"type":"binary-expr","locations":[{"start":{"line":33,"column":7},"end":{"line":33,"column":14}},{"start":{"line":34,"column":8},"end":{"line":61,"column":11}}],"line":33},"3":{"loc":{"start":{"line":56,"column":24},"end":{"line":56,"column":55}},"type":"cond-expr","locations":[{"start":{"line":56,"column":46},"end":{"line":56,"column":50}},{"start":{"line":56,"column":53},"end":{"line":56,"column":55}}],"line":56},"4":{"loc":{"start":{"line":56,"column":24},"end":{"line":56,"column":43}},"type":"binary-expr","locations":[{"start":{"line":56,"column":24},"end":{"line":56,"column":33}},{"start":{"line":56,"column":37},"end":{"line":56,"column":43}}],"line":56},"5":{"loc":{"start":{"line":63,"column":7},"end":{"line":76,"column":7}},"type":"binary-expr","locations":[{"start":{"line":63,"column":7},"end":{"line":63,"column":13}},{"start":{"line":64,"column":8},"end":{"line":75,"column":14}}],"line":63},"6":{"loc":{"start":{"line":69,"column":18},"end":{"line":69,"column":65}},"type":"binary-expr","locations":[{"start":{"line":69,"column":18},"end":{"line":69,"column":32}},{"start":{"line":69,"column":36},"end":{"line":69,"column":65}}],"line":69},"7":{"loc":{"start":{"line":71,"column":15},"end":{"line":71,"column":43}},"type":"binary-expr","locations":[{"start":{"line":71,"column":15},"end":{"line":71,"column":29}},{"start":{"line":71,"column":33},"end":{"line":71,"column":43}}],"line":71}},"s":{"0":2,"1":7,"2":7,"3":0,"4":0,"5":0,"6":7,"7":7,"8":0,"9":7,"10":7,"11":3,"12":3,"13":7,"14":0,"15":2,"16":2},"f":{"0":7,"1":0,"2":0,"3":7,"4":0},"b":{"0":[0,0],"1":[3,4],"2":[7,7],"3":[7,0],"4":[7,0],"5":[7,0],"6":[0,0],"7":[0,0]},"_coverageSchema":"1a1c01bbd47fc00a2c39e90264f33305004495a9","hash":"a2d03763d55f75c47e5ffa4d39518ee8dd3c6695"}
,"/home/juanmartinez/DEIN/cronos/src/components/Shared/Listen.js": {"path":"/home/juanmartinez/DEIN/cronos/src/components/Shared/Listen.js","statementMap":{"0":{"start":{"line":5,"column":15},"end":{"line":28,"column":1}},"1":{"start":{"line":6,"column":17},"end":{"line":6,"column":29}},"2":{"start":{"line":7,"column":2},"end":{"line":13,"column":4}},"3":{"start":{"line":15,"column":23},"end":{"line":19,"column":3}},"4":{"start":{"line":16,"column":4},"end":{"line":18,"column":6}},"5":{"start":{"line":21,"column":2},"end":{"line":27,"column":3}},"6":{"start":{"line":30,"column":0},"end":{"line":32,"column":1}}},"fnMap":{"0":{"name":"(anonymous_0)","decl":{"start":{"line":5,"column":15},"end":{"line":5,"column":16}},"loc":{"start":{"line":5,"column":29},"end":{"line":28,"column":1}},"line":5},"1":{"name":"(anonymous_1)","decl":{"start":{"line":15,"column":23},"end":{"line":15,"column":24}},"loc":{"start":{"line":15,"column":35},"end":{"line":19,"column":3}},"line":15}},"branchMap":{"0":{"loc":{"start":{"line":23,"column":7},"end":{"line":25,"column":7}},"type":"binary-expr","locations":[{"start":{"line":23,"column":7},"end":{"line":23,"column":33}},{"start":{"line":24,"column":8},"end":{"line":24,"column":54}}],"line":23}},"s":{"0":2,"1":7,"2":7,"3":7,"4":0,"5":7,"6":2},"f":{"0":7,"1":0},"b":{"0":[7,0]},"_coverageSchema":"1a1c01bbd47fc00a2c39e90264f33305004495a9","hash":"94b438a490f09bc745f440e2e5be0c60311e0df1"}
,"/home/juanmartinez/DEIN/cronos/src/data/list.js": {"path":"/home/juanmartinez/DEIN/cronos/src/data/list.js","statementMap":{"0":{"start":{"line":1,"column":27},"end":{"line":13,"column":1}},"1":{"start":{"line":15,"column":27},"end":{"line":18,"column":1}},"2":{"start":{"line":20,"column":28},"end":{"line":23,"column":1}}},"fnMap":{},"branchMap":{},"s":{"0":3,"1":3,"2":3},"f":{},"b":{},"_coverageSchema":"1a1c01bbd47fc00a2c39e90264f33305004495a9","hash":"f1a654b21dcce63fddbedde6ef6402abb81e6df1"}
,"/home/juanmartinez/DEIN/cronos/src/data/menu.js": {"path":"/home/juanmartinez/DEIN/cronos/src/data/menu.js","statementMap":{"0":{"start":{"line":5,"column":27},"end":{"line":9,"column":1}}},"fnMap":{},"branchMap":{},"s":{"0":2},"f":{},"b":{},"_coverageSchema":"1a1c01bbd47fc00a2c39e90264f33305004495a9","hash":"abd9e7803a22bb2c200b4466fe5a315c7fc2b232"}
,"/home/juanmartinez/DEIN/cronos/src/utils/date.js": {"path":"/home/juanmartinez/DEIN/cronos/src/utils/date.js","statementMap":{"0":{"start":{"line":3,"column":27},"end":{"line":8,"column":1}},"1":{"start":{"line":4,"column":2},"end":{"line":6,"column":3}},"2":{"start":{"line":5,"column":4},"end":{"line":5,"column":16}},"3":{"start":{"line":7,"column":2},"end":{"line":7,"column":31}},"4":{"start":{"line":10,"column":23},"end":{"line":20,"column":1}},"5":{"start":{"line":11,"column":2},"end":{"line":13,"column":3}},"6":{"start":{"line":12,"column":4},"end":{"line":12,"column":52}},"7":{"start":{"line":14,"column":2},"end":{"line":16,"column":3}},"8":{"start":{"line":15,"column":4},"end":{"line":15,"column":50}},"9":{"start":{"line":18,"column":15},"end":{"line":18,"column":42}},"10":{"start":{"line":19,"column":2},"end":{"line":19,"column":41}},"11":{"start":{"line":22,"column":23},"end":{"line":28,"column":1}},"12":{"start":{"line":23,"column":2},"end":{"line":25,"column":3}},"13":{"start":{"line":24,"column":4},"end":{"line":24,"column":50}},"14":{"start":{"line":27,"column":2},"end":{"line":27,"column":27}},"15":{"start":{"line":30,"column":30},"end":{"line":36,"column":1}},"16":{"start":{"line":31,"column":2},"end":{"line":33,"column":3}},"17":{"start":{"line":32,"column":4},"end":{"line":32,"column":50}},"18":{"start":{"line":35,"column":2},"end":{"line":35,"column":26}},"19":{"start":{"line":38,"column":30},"end":{"line":45,"column":1}},"20":{"start":{"line":39,"column":2},"end":{"line":41,"column":3}},"21":{"start":{"line":40,"column":4},"end":{"line":40,"column":50}},"22":{"start":{"line":43,"column":16},"end":{"line":43,"column":33}},"23":{"start":{"line":44,"column":2},"end":{"line":44,"column":35}},"24":{"start":{"line":47,"column":33},"end":{"line":55,"column":1}},"25":{"start":{"line":48,"column":2},"end":{"line":50,"column":3}},"26":{"start":{"line":49,"column":4},"end":{"line":49,"column":50}},"27":{"start":{"line":52,"column":2},"end":{"line":54,"column":3}},"28":{"start":{"line":57,"column":26},"end":{"line":59,"column":1}},"29":{"start":{"line":58,"column":2},"end":{"line":58,"column":55}}},"fnMap":{"0":{"name":"(anonymous_0)","decl":{"start":{"line":3,"column":27},"end":{"line":3,"column":28}},"loc":{"start":{"line":3,"column":37},"end":{"line":8,"column":1}},"line":3},"1":{"name":"(anonymous_1)","decl":{"start":{"line":10,"column":23},"end":{"line":10,"column":24}},"loc":{"start":{"line":10,"column":58},"end":{"line":20,"column":1}},"line":10},"2":{"name":"(anonymous_2)","decl":{"start":{"line":22,"column":23},"end":{"line":22,"column":24}},"loc":{"start":{"line":22,"column":33},"end":{"line":28,"column":1}},"line":22},"3":{"name":"(anonymous_3)","decl":{"start":{"line":30,"column":30},"end":{"line":30,"column":31}},"loc":{"start":{"line":30,"column":40},"end":{"line":36,"column":1}},"line":30},"4":{"name":"(anonymous_4)","decl":{"start":{"line":38,"column":30},"end":{"line":38,"column":31}},"loc":{"start":{"line":38,"column":40},"end":{"line":45,"column":1}},"line":38},"5":{"name":"(anonymous_5)","decl":{"start":{"line":47,"column":33},"end":{"line":47,"column":34}},"loc":{"start":{"line":47,"column":60},"end":{"line":55,"column":1}},"line":47},"6":{"name":"(anonymous_6)","decl":{"start":{"line":57,"column":26},"end":{"line":57,"column":27}},"loc":{"start":{"line":57,"column":37},"end":{"line":59,"column":1}},"line":57}},"branchMap":{"0":{"loc":{"start":{"line":4,"column":2},"end":{"line":6,"column":3}},"type":"if","locations":[{"start":{"line":4,"column":2},"end":{"line":6,"column":3}},{"start":{"line":4,"column":2},"end":{"line":6,"column":3}}],"line":4},"1":{"loc":{"start":{"line":10,"column":24},"end":{"line":10,"column":34}},"type":"default-arg","locations":[{"start":{"line":10,"column":33},"end":{"line":10,"column":34}}],"line":10},"2":{"loc":{"start":{"line":10,"column":36},"end":{"line":10,"column":53}},"type":"default-arg","locations":[{"start":{"line":10,"column":43},"end":{"line":10,"column":53}}],"line":10},"3":{"loc":{"start":{"line":11,"column":2},"end":{"line":13,"column":3}},"type":"if","locations":[{"start":{"line":11,"column":2},"end":{"line":13,"column":3}},{"start":{"line":11,"column":2},"end":{"line":13,"column":3}}],"line":11},"4":{"loc":{"start":{"line":11,"column":6},"end":{"line":11,"column":30}},"type":"binary-expr","locations":[{"start":{"line":11,"column":6},"end":{"line":11,"column":13}},{"start":{"line":11,"column":17},"end":{"line":11,"column":30}}],"line":11},"5":{"loc":{"start":{"line":14,"column":2},"end":{"line":16,"column":3}},"type":"if","locations":[{"start":{"line":14,"column":2},"end":{"line":16,"column":3}},{"start":{"line":14,"column":2},"end":{"line":16,"column":3}}],"line":14},"6":{"loc":{"start":{"line":14,"column":6},"end":{"line":14,"column":33}},"type":"binary-expr","locations":[{"start":{"line":14,"column":6},"end":{"line":14,"column":11}},{"start":{"line":14,"column":15},"end":{"line":14,"column":33}}],"line":14},"7":{"loc":{"start":{"line":23,"column":2},"end":{"line":25,"column":3}},"type":"if","locations":[{"start":{"line":23,"column":2},"end":{"line":25,"column":3}},{"start":{"line":23,"column":2},"end":{"line":25,"column":3}}],"line":23},"8":{"loc":{"start":{"line":23,"column":6},"end":{"line":23,"column":33}},"type":"binary-expr","locations":[{"start":{"line":23,"column":6},"end":{"line":23,"column":11}},{"start":{"line":23,"column":15},"end":{"line":23,"column":33}}],"line":23},"9":{"loc":{"start":{"line":31,"column":2},"end":{"line":33,"column":3}},"type":"if","locations":[{"start":{"line":31,"column":2},"end":{"line":33,"column":3}},{"start":{"line":31,"column":2},"end":{"line":33,"column":3}}],"line":31},"10":{"loc":{"start":{"line":31,"column":6},"end":{"line":31,"column":33}},"type":"binary-expr","locations":[{"start":{"line":31,"column":6},"end":{"line":31,"column":11}},{"start":{"line":31,"column":15},"end":{"line":31,"column":33}}],"line":31},"11":{"loc":{"start":{"line":39,"column":2},"end":{"line":41,"column":3}},"type":"if","locations":[{"start":{"line":39,"column":2},"end":{"line":41,"column":3}},{"start":{"line":39,"column":2},"end":{"line":41,"column":3}}],"line":39},"12":{"loc":{"start":{"line":39,"column":6},"end":{"line":39,"column":33}},"type":"binary-expr","locations":[{"start":{"line":39,"column":6},"end":{"line":39,"column":11}},{"start":{"line":39,"column":15},"end":{"line":39,"column":33}}],"line":39},"13":{"loc":{"start":{"line":47,"column":39},"end":{"line":47,"column":55}},"type":"default-arg","locations":[{"start":{"line":47,"column":45},"end":{"line":47,"column":55}}],"line":47},"14":{"loc":{"start":{"line":48,"column":2},"end":{"line":50,"column":3}},"type":"if","locations":[{"start":{"line":48,"column":2},"end":{"line":50,"column":3}},{"start":{"line":48,"column":2},"end":{"line":50,"column":3}}],"line":48},"15":{"loc":{"start":{"line":48,"column":6},"end":{"line":48,"column":44}},"type":"binary-expr","locations":[{"start":{"line":48,"column":6},"end":{"line":48,"column":23}},{"start":{"line":48,"column":27},"end":{"line":48,"column":44}}],"line":48}},"s":{"0":3,"1":15,"2":3,"3":12,"4":3,"5":4,"6":1,"7":3,"8":1,"9":2,"10":2,"11":3,"12":4,"13":1,"14":3,"15":3,"16":3,"17":1,"18":2,"19":3,"20":3,"21":1,"22":2,"23":2,"24":3,"25":3,"26":2,"27":1,"28":3,"29":3},"f":{"0":15,"1":4,"2":4,"3":3,"4":3,"5":3,"6":3},"b":{"0":[3,12],"1":[1],"2":[2],"3":[1,3],"4":[4,3],"5":[1,2],"6":[3,2],"7":[1,3],"8":[4,3],"9":[1,2],"10":[3,2],"11":[1,2],"12":[3,2],"13":[2],"14":[2,1],"15":[3,1]},"_coverageSchema":"1a1c01bbd47fc00a2c39e90264f33305004495a9","hash":"0e9d0ef729521873003be58549ab798fae9fcf10"}
,"/home/juanmartinez/DEIN/cronos/src/utils/numbers.js": {"path":"/home/juanmartinez/DEIN/cronos/src/utils/numbers.js","statementMap":{"0":{"start":{"line":1,"column":35},"end":{"line":9,"column":1}},"1":{"start":{"line":2,"column":2},"end":{"line":4,"column":3}},"2":{"start":{"line":3,"column":4},"end":{"line":3,"column":11}},"3":{"start":{"line":6,"column":17},"end":{"line":6,"column":30}},"4":{"start":{"line":7,"column":17},"end":{"line":7,"column":47}},"5":{"start":{"line":8,"column":2},"end":{"line":8,"column":27}},"6":{"start":{"line":11,"column":28},"end":{"line":15,"column":1}},"7":{"start":{"line":12,"column":14},"end":{"line":12,"column":53}},"8":{"start":{"line":13,"column":14},"end":{"line":13,"column":36}},"9":{"start":{"line":14,"column":2},"end":{"line":14,"column":38}},"10":{"start":{"line":17,"column":30},"end":{"line":19,"column":1}},"11":{"start":{"line":18,"column":2},"end":{"line":18,"column":74}},"12":{"start":{"line":21,"column":29},"end":{"line":32,"column":1}},"13":{"start":{"line":22,"column":19},"end":{"line":26,"column":3}},"14":{"start":{"line":27,"column":24},"end":{"line":27,"column":28}},"15":{"start":{"line":29,"column":15},"end":{"line":29,"column":80}},"16":{"start":{"line":30,"column":2},"end":{"line":30,"column":44}},"17":{"start":{"line":31,"column":2},"end":{"line":31,"column":15}}},"fnMap":{"0":{"name":"(anonymous_0)","decl":{"start":{"line":1,"column":35},"end":{"line":1,"column":36}},"loc":{"start":{"line":1,"column":49},"end":{"line":9,"column":1}},"line":1},"1":{"name":"(anonymous_1)","decl":{"start":{"line":11,"column":28},"end":{"line":11,"column":29}},"loc":{"start":{"line":11,"column":51},"end":{"line":15,"column":1}},"line":11},"2":{"name":"(anonymous_2)","decl":{"start":{"line":17,"column":30},"end":{"line":17,"column":31}},"loc":{"start":{"line":17,"column":41},"end":{"line":19,"column":1}},"line":17},"3":{"name":"(anonymous_3)","decl":{"start":{"line":21,"column":29},"end":{"line":21,"column":30}},"loc":{"start":{"line":21,"column":40},"end":{"line":32,"column":1}},"line":21}},"branchMap":{"0":{"loc":{"start":{"line":2,"column":2},"end":{"line":4,"column":3}},"type":"if","locations":[{"start":{"line":2,"column":2},"end":{"line":4,"column":3}},{"start":{"line":2,"column":2},"end":{"line":4,"column":3}}],"line":2},"1":{"loc":{"start":{"line":11,"column":29},"end":{"line":11,"column":46}},"type":"default-arg","locations":[{"start":{"line":11,"column":45},"end":{"line":11,"column":46}}],"line":11},"2":{"loc":{"start":{"line":12,"column":14},"end":{"line":12,"column":53}},"type":"cond-expr","locations":[{"start":{"line":12,"column":36},"end":{"line":12,"column":37}},{"start":{"line":12,"column":40},"end":{"line":12,"column":53}}],"line":12},"3":{"loc":{"start":{"line":30,"column":12},"end":{"line":30,"column":44}},"type":"binary-expr","locations":[{"start":{"line":30,"column":12},"end":{"line":30,"column":27}},{"start":{"line":30,"column":31},"end":{"line":30,"column":44}}],"line":30}},"s":{"0":3,"1":7,"2":5,"3":7,"4":7,"5":7,"6":3,"7":4,"8":4,"9":4,"10":3,"11":4,"12":3,"13":4,"14":4,"15":4,"16":4,"17":4},"f":{"0":7,"1":4,"2":4,"3":4},"b":{"0":[5,2],"1":[1],"2":[2,2],"3":[4,1]},"_coverageSchema":"1a1c01bbd47fc00a2c39e90264f33305004495a9","hash":"c3e2ca321afb975dd29661b315b2e5da74c5c471"}
,"/home/juanmartinez/DEIN/cronos/src/utils/text.js": {"path":"/home/juanmartinez/DEIN/cronos/src/utils/text.js","statementMap":{"0":{"start":{"line":1,"column":27},"end":{"line":5,"column":1}},"1":{"start":{"line":2,"column":21},"end":{"line":2,"column":47}},"2":{"start":{"line":3,"column":22},"end":{"line":3,"column":49}},"3":{"start":{"line":4,"column":2},"end":{"line":4,"column":35}},"4":{"start":{"line":7,"column":26},"end":{"line":14,"column":1}},"5":{"start":{"line":8,"column":2},"end":{"line":8,"column":22}},"6":{"start":{"line":8,"column":13},"end":{"line":8,"column":22}},"7":{"start":{"line":10,"column":16},"end":{"line":10,"column":31}},"8":{"start":{"line":11,"column":2},"end":{"line":13,"column":14}},"9":{"start":{"line":12,"column":19},"end":{"line":12,"column":63}}},"fnMap":{"0":{"name":"(anonymous_0)","decl":{"start":{"line":1,"column":27},"end":{"line":1,"column":28}},"loc":{"start":{"line":1,"column":46},"end":{"line":5,"column":1}},"line":1},"1":{"name":"(anonymous_1)","decl":{"start":{"line":7,"column":26},"end":{"line":7,"column":27}},"loc":{"start":{"line":7,"column":36},"end":{"line":14,"column":1}},"line":7},"2":{"name":"(anonymous_2)","decl":{"start":{"line":12,"column":9},"end":{"line":12,"column":10}},"loc":{"start":{"line":12,"column":19},"end":{"line":12,"column":63}},"line":12}},"branchMap":{"0":{"loc":{"start":{"line":8,"column":2},"end":{"line":8,"column":22}},"type":"if","locations":[{"start":{"line":8,"column":2},"end":{"line":8,"column":22}},{"start":{"line":8,"column":2},"end":{"line":8,"column":22}}],"line":8}},"s":{"0":3,"1":2,"2":2,"3":2,"4":3,"5":42,"6":1,"7":41,"8":41,"9":55},"f":{"0":2,"1":42,"2":55},"b":{"0":[1,41]},"_coverageSchema":"1a1c01bbd47fc00a2c39e90264f33305004495a9","hash":"ea213e6b519219fec35b97f98bd0dded2490a31e"}
}
