TN:
SF:src/App.js
FN:5,App
FNF:1
FNH:1
FNDA:4,App
DA:6,4
LF:1
LH:1
BRF:0
BRH:0
end_of_record
TN:
SF:src/Routes.jsx
FN:12,(anonymous_0)
FN:17,(anonymous_1)
FNF:2
FNH:2
FNDA:4,(anonymous_0)
FNDA:12,(anonymous_1)
DA:12,1
DA:13,4
DA:18,12
LF:3
LH:3
BRF:0
BRH:0
end_of_record
TN:
SF:src/index.js
FNF:0
FNH:0
DA:9,0
DA:19,0
LF:2
LH:0
BRF:0
BRH:0
end_of_record
TN:
SF:src/reportWebVitals.js
FN:1,(anonymous_0)
FN:3,(anonymous_1)
FNF:2
FNH:0
FNDA:0,(anonymous_0)
FNDA:0,(anonymous_1)
DA:1,0
DA:2,0
DA:3,0
DA:4,0
DA:5,0
DA:6,0
DA:7,0
DA:8,0
LF:8
LH:0
BRDA:2,0,0,0
BRDA:2,0,1,0
BRDA:2,1,0,0
BRDA:2,1,1,0
BRF:4
BRH:0
end_of_record
TN:
SF:src/components/Footer/Footer.js
FN:3,(anonymous_0)
FNF:1
FNH:1
FNDA:4,(anonymous_0)
DA:3,1
DA:4,4
LF:2
LH:2
BRF:0
BRH:0
end_of_record
TN:
SF:src/components/Header/Header.js
FN:6,(anonymous_0)
FNF:1
FNH:1
FNDA:4,(anonymous_0)
DA:6,1
DA:7,4
LF:2
LH:2
BRF:0
BRH:0
end_of_record
TN:
SF:src/components/Home/Home.js
FN:4,(anonymous_0)
FNF:1
FNH:1
FNDA:7,(anonymous_0)
DA:4,1
DA:5,7
LF:2
LH:2
BRF:0
BRH:0
end_of_record
TN:
SF:src/components/Menu/Menu.js
FN:6,(anonymous_0)
FN:10,(anonymous_1)
FNF:2
FNH:2
FNDA:7,(anonymous_0)
FNDA:21,(anonymous_1)
DA:6,1
DA:7,7
DA:11,21
LF:3
LH:3
BRF:0
BRH:0
end_of_record
TN:
SF:src/components/Nav/Nav.js
FN:6,(anonymous_0)
FNF:1
FNH:1
FNDA:14,(anonymous_0)
DA:6,2
DA:7,14
DA:23,2
DA:28,2
LF:4
LH:4
BRDA:9,0,0,7
BRDA:9,0,1,7
BRDA:10,1,0,14
BRDA:10,1,1,7
BRF:4
BRH:4
end_of_record
TN:
SF:src/components/NotFound/NotFound.js
FN:9,(anonymous_0)
FNF:1
FNH:0
FNDA:0,(anonymous_0)
DA:9,1
DA:10,0
LF:2
LH:1
BRF:0
BRH:0
end_of_record
TN:
SF:src/components/Pages/Alphabet/ListenAlphabet.js
FNF:0
FNH:0
LF:0
LH:0
BRF:0
BRH:0
end_of_record
TN:
SF:src/components/Pages/Alphabet/ListenVowels.js
FNF:0
FNH:0
LF:0
LH:0
BRF:0
BRH:0
end_of_record
TN:
SF:src/components/Pages/Alphabet/ListenWords.js
FNF:0
FNH:0
LF:0
LH:0
BRF:0
BRH:0
end_of_record
TN:
SF:src/components/Pages/Dates/DateToWords.js
FN:16,(anonymous_0)
FN:20,(anonymous_1)
FN:29,(anonymous_2)
FNF:3
FNH:2
FNDA:2,(anonymous_0)
FNDA:0,(anonymous_1)
FNDA:1,(anonymous_2)
DA:16,2
DA:17,2
DA:18,2
DA:20,2
DA:21,0
DA:22,0
DA:23,0
DA:25,0
DA:26,0
DA:29,2
DA:30,1
DA:31,1
DA:34,2
LF:13
LH:8
BRF:0
BRH:0
end_of_record
TN:
SF:src/components/Pages/Dates/ListenDate.js
FNF:0
FNH:0
LF:0
LH:0
BRF:0
BRH:0
end_of_record
TN:
SF:src/components/Pages/Dates/ListenTear.js
FNF:0
FNH:0
LF:0
LH:0
BRF:0
BRH:0
end_of_record
TN:
SF:src/components/Pages/Dates/YearToWords.js
FN:16,(anonymous_0)
FN:20,(anonymous_1)
FN:29,(anonymous_2)
FNF:3
FNH:2
FNDA:2,(anonymous_0)
FNDA:0,(anonymous_1)
FNDA:1,(anonymous_2)
DA:16,2
DA:17,2
DA:18,2
DA:20,2
DA:21,0
DA:22,0
DA:23,0
DA:25,0
DA:26,0
DA:29,2
DA:30,1
DA:31,1
DA:34,2
LF:13
LH:8
BRF:0
BRH:0
end_of_record
TN:
SF:src/components/Pages/Numbers/ListenNumbers.js
FNF:0
FNH:0
LF:0
LH:0
BRF:0
BRH:0
end_of_record
TN:
SF:src/components/Pages/Numbers/NumToWords.js
FN:18,(anonymous_0)
FN:24,(anonymous_1)
FN:28,(anonymous_2)
FN:32,(anonymous_3)
FN:38,(anonymous_4)
FN:42,(anonymous_5)
FN:59,(anonymous_6)
FN:60,(anonymous_7)
FN:69,(anonymous_8)
FN:70,(anonymous_9)
FNF:10
FNH:6
FNDA:3,(anonymous_0)
FNDA:0,(anonymous_1)
FNDA:0,(anonymous_2)
FNDA:1,(anonymous_3)
FNDA:1,(anonymous_4)
FNDA:2,(anonymous_5)
FNDA:0,(anonymous_6)
FNDA:33,(anonymous_7)
FNDA:0,(anonymous_8)
FNDA:6,(anonymous_9)
DA:18,2
DA:19,3
DA:20,3
DA:21,3
DA:22,3
DA:24,3
DA:25,0
DA:28,3
DA:29,0
DA:32,3
DA:33,1
DA:34,1
DA:35,1
DA:38,3
DA:39,1
DA:42,3
DA:43,2
DA:44,2
DA:45,0
DA:48,2
DA:49,2
DA:52,3
DA:59,0
DA:61,33
DA:69,0
DA:71,6
LF:26
LH:21
BRDA:44,0,0,0
BRDA:44,0,1,2
BRDA:78,1,0,3
BRDA:78,1,1,0
BRDA:79,2,0,3
BRDA:79,2,1,3
BRF:6
BRH:4
end_of_record
TN:
SF:src/components/Pages/Phone/PhoneToWords.js
FNF:0
FNH:0
LF:0
LH:0
BRF:0
BRH:0
end_of_record
TN:
SF:src/components/Pages/Time/ListenTime.js
FNF:0
FNH:0
LF:0
LH:0
BRF:0
BRH:0
end_of_record
TN:
SF:src/components/Pages/Time/TimeToWords.js
FNF:0
FNH:0
LF:0
LH:0
BRF:0
BRH:0
end_of_record
TN:
SF:src/components/Shared/Answer.js
FN:9,(anonymous_0)
FN:12,(anonymous_1)
FN:20,(anonymous_2)
FN:24,(anonymous_3)
FN:42,(anonymous_4)
FNF:5
FNH:2
FNDA:7,(anonymous_0)
FNDA:0,(anonymous_1)
FNDA:0,(anonymous_2)
FNDA:7,(anonymous_3)
FNDA:0,(anonymous_4)
DA:9,2
DA:10,7
DA:12,7
DA:13,0
DA:14,0
DA:15,0
DA:18,7
DA:20,7
DA:21,0
DA:24,7
DA:25,7
DA:26,3
DA:27,3
DA:31,7
DA:42,0
DA:81,2
DA:86,2
LF:17
LH:12
BRDA:14,0,0,0
BRDA:14,0,1,0
BRDA:25,1,0,3
BRDA:25,1,1,4
BRDA:33,2,0,7
BRDA:33,2,1,7
BRDA:56,3,0,7
BRDA:56,3,1,0
BRDA:56,4,0,7
BRDA:56,4,1,0
BRDA:63,5,0,7
BRDA:63,5,1,0
BRDA:69,6,0,0
BRDA:69,6,1,0
BRDA:71,7,0,0
BRDA:71,7,1,0
BRF:16
BRH:7
end_of_record
TN:
SF:src/components/Shared/Listen.js
FN:5,(anonymous_0)
FN:15,(anonymous_1)
FNF:2
FNH:1
FNDA:7,(anonymous_0)
FNDA:0,(anonymous_1)
DA:5,2
DA:6,7
DA:7,7
DA:15,7
DA:16,0
DA:21,7
DA:30,2
LF:7
LH:6
BRDA:23,0,0,7
BRDA:23,0,1,0
BRF:2
BRH:1
end_of_record
TN:
SF:src/data/list.js
FNF:0
FNH:0
DA:1,3
DA:15,3
DA:20,3
LF:3
LH:3
BRF:0
BRH:0
end_of_record
TN:
SF:src/data/menu.js
FNF:0
FNH:0
DA:5,2
LF:1
LH:1
BRF:0
BRH:0
end_of_record
TN:
SF:src/utils/date.js
FN:3,(anonymous_0)
FN:10,(anonymous_1)
FN:22,(anonymous_2)
FN:30,(anonymous_3)
FN:38,(anonymous_4)
FN:47,(anonymous_5)
FN:57,(anonymous_6)
FNF:7
FNH:7
FNDA:15,(anonymous_0)
FNDA:4,(anonymous_1)
FNDA:4,(anonymous_2)
FNDA:3,(anonymous_3)
FNDA:3,(anonymous_4)
FNDA:3,(anonymous_5)
FNDA:3,(anonymous_6)
DA:3,3
DA:4,15
DA:5,3
DA:7,12
DA:10,3
DA:11,4
DA:12,1
DA:14,3
DA:15,1
DA:18,2
DA:19,2
DA:22,3
DA:23,4
DA:24,1
DA:27,3
DA:30,3
DA:31,3
DA:32,1
DA:35,2
DA:38,3
DA:39,3
DA:40,1
DA:43,2
DA:44,2
DA:47,3
DA:48,3
DA:49,2
DA:52,1
DA:57,3
DA:58,3
LF:30
LH:30
BRDA:4,0,0,3
BRDA:4,0,1,12
BRDA:10,1,0,1
BRDA:10,2,0,2
BRDA:11,3,0,1
BRDA:11,3,1,3
BRDA:11,4,0,4
BRDA:11,4,1,3
BRDA:14,5,0,1
BRDA:14,5,1,2
BRDA:14,6,0,3
BRDA:14,6,1,2
BRDA:23,7,0,1
BRDA:23,7,1,3
BRDA:23,8,0,4
BRDA:23,8,1,3
BRDA:31,9,0,1
BRDA:31,9,1,2
BRDA:31,10,0,3
BRDA:31,10,1,2
BRDA:39,11,0,1
BRDA:39,11,1,2
BRDA:39,12,0,3
BRDA:39,12,1,2
BRDA:47,13,0,2
BRDA:48,14,0,2
BRDA:48,14,1,1
BRDA:48,15,0,3
BRDA:48,15,1,1
BRF:29
BRH:29
end_of_record
TN:
SF:src/utils/numbers.js
FN:1,(anonymous_0)
FN:11,(anonymous_1)
FN:17,(anonymous_2)
FN:21,(anonymous_3)
FNF:4
FNH:4
FNDA:7,(anonymous_0)
FNDA:4,(anonymous_1)
FNDA:4,(anonymous_2)
FNDA:4,(anonymous_3)
DA:1,3
DA:2,7
DA:3,5
DA:6,7
DA:7,7
DA:8,7
DA:11,3
DA:12,4
DA:13,4
DA:14,4
DA:17,3
DA:18,4
DA:21,3
DA:22,4
DA:27,4
DA:29,4
DA:30,4
DA:31,4
LF:18
LH:18
BRDA:2,0,0,5
BRDA:2,0,1,2
BRDA:11,1,0,1
BRDA:12,2,0,2
BRDA:12,2,1,2
BRDA:30,3,0,4
BRDA:30,3,1,1
BRF:7
BRH:7
end_of_record
TN:
SF:src/utils/text.js
FN:1,(anonymous_0)
FN:7,(anonymous_1)
FN:12,(anonymous_2)
FNF:3
FNH:3
FNDA:2,(anonymous_0)
FNDA:42,(anonymous_1)
FNDA:55,(anonymous_2)
DA:1,3
DA:2,2
DA:3,2
DA:4,2
DA:7,3
DA:8,42
DA:10,41
DA:11,41
DA:12,55
LF:9
LH:9
BRDA:8,0,0,1
BRDA:8,0,1,41
BRF:2
BRH:2
end_of_record
